# JRE version: Java(TM) SE Runtime Environment (8.0_221-b11) (build 1.8.0_221-b11)
# Java VM: Java HotSpot(TM) 64-Bit Server VM (25.221-b11 mixed mode windows-amd64 compressed oops)
Heap:
 PSYoungGen      total 146432K, used 101277K [0x00000000f5580000, 0x0000000100000000, 0x0000000100000000)
  eden space 145920K, 69% used [0x00000000f5580000,0x00000000fb7f7680,0x00000000fe400000)
  from space 512K, 87% used [0x00000000fe400000,0x00000000fe470000,0x00000000fe480000)
  to   space 15872K, 0% used [0x00000000ff080000,0x00000000ff080000,0x0000000100000000)
 ParOldGen       total 175104K, used 32788K [0x00000000e0000000, 0x00000000eab00000, 0x00000000f5580000)
  object space 175104K, 18% used [0x00000000e0000000,0x00000000e2005180,0x00000000eab00000)
 Metaspace       used 45576K, capacity 47922K, committed 48256K, reserved 1091584K
  class space    used 6457K, capacity 6926K, committed 7040K, reserved 1048576K
GC Heap History (10 events):
Event: 9.162 GC heap before
{Heap before GC invocations=9 (full 2):
 PSYoungGen      total 131072K, used 8432K [0x00000000f5580000, 0x0000000100000000, 0x0000000100000000)
  eden space 118784K, 0% used [0x00000000f5580000,0x00000000f5580000,0x00000000fc980000)
  from space 12288K, 68% used [0x00000000fc980000,0x00000000fd1bc0d0,0x00000000fd580000)
  to   space 12288K, 0% used [0x00000000ff400000,0x00000000ff400000,0x0000000100000000)
 ParOldGen       total 175104K, used 6958K [0x00000000e0000000, 0x00000000eab00000, 0x00000000f5580000)
  object space 175104K, 3% used [0x00000000e0000000,0x00000000e06cba10,0x00000000eab00000)
 Metaspace       used 34473K, capacity 35426K, committed 35496K, reserved 1079296K
  class space    used 4830K, capacity 5084K, committed 5120K, reserved 1048576K
Event: 9.241 GC heap after
Heap after GC invocations=9 (full 2):
 PSYoungGen      total 131072K, used 0K [0x00000000f5580000, 0x0000000100000000, 0x0000000100000000)
  eden space 118784K, 0% used [0x00000000f5580000,0x00000000f5580000,0x00000000fc980000)
  from space 12288K, 0% used [0x00000000fc980000,0x00000000fc980000,0x00000000fd580000)
  to   space 12288K, 0% used [0x00000000ff400000,0x00000000ff400000,0x0000000100000000)
 ParOldGen       total 175104K, used 14789K [0x00000000e0000000, 0x00000000eab00000, 0x00000000f5580000)
  object space 175104K, 8% used [0x00000000e0000000,0x00000000e0e71698,0x00000000eab00000)
 Metaspace       used 34473K, capacity 35426K, committed 35496K, reserved 1079296K
  class space    used 4830K, capacity 5084K, committed 5120K, reserved 1048576K
}
Event: 12.039 GC heap before
{Heap before GC invocations=10 (full 2):
 PSYoungGen      total 131072K, used 118784K [0x00000000f5580000, 0x0000000100000000, 0x0000000100000000)
  eden space 118784K, 100% used [0x00000000f5580000,0x00000000fc980000,0x00000000fc980000)
  from space 12288K, 0% used [0x00000000fc980000,0x00000000fc980000,0x00000000fd580000)
  to   space 12288K, 0% used [0x00000000ff400000,0x00000000ff400000,0x0000000100000000)
 ParOldGen       total 175104K, used 14789K [0x00000000e0000000, 0x00000000eab00000, 0x00000000f5580000)
  object space 175104K, 8% used [0x00000000e0000000,0x00000000e0e71698,0x00000000eab00000)
 Metaspace       used 39334K, capacity 40958K, committed 41216K, reserved 1085440K
  class space    used 5638K, capacity 6024K, committed 6144K, reserved 1048576K
Event: 12.058 GC heap after
Heap after GC invocations=10 (full 2):
 PSYoungGen      total 162304K, used 10079K [0x00000000f5580000, 0x0000000100000000, 0x0000000100000000)
  eden space 150016K, 0% used [0x00000000f5580000,0x00000000f5580000,0x00000000fe800000)
  from space 12288K, 82% used [0x00000000ff400000,0x00000000ffdd7ef8,0x0000000100000000)
  to   space 12288K, 0% used [0x00000000fe800000,0x00000000fe800000,0x00000000ff400000)
 ParOldGen       total 175104K, used 14789K [0x00000000e0000000, 0x00000000eab00000, 0x00000000f5580000)
  object space 175104K, 8% used [0x00000000e0000000,0x00000000e0e71698,0x00000000eab00000)
 Metaspace       used 39334K, capacity 40958K, committed 41216K, reserved 1085440K
  class space    used 5638K, capacity 6024K, committed 6144K, reserved 1048576K
}
Event: 16.278 GC heap before
{Heap before GC invocations=11 (full 2):
 PSYoungGen      total 162304K, used 160095K [0x00000000f5580000, 0x0000000100000000, 0x0000000100000000)
  eden space 150016K, 100% used [0x00000000f5580000,0x00000000fe800000,0x00000000fe800000)
  from space 12288K, 82% used [0x00000000ff400000,0x00000000ffdd7ef8,0x0000000100000000)
  to   space 12288K, 0% used [0x00000000fe800000,0x00000000fe800000,0x00000000ff400000)
 ParOldGen       total 175104K, used 14789K [0x00000000e0000000, 0x00000000eab00000, 0x00000000f5580000)
  object space 175104K, 8% used [0x00000000e0000000,0x00000000e0e71698,0x00000000eab00000)
 Metaspace       used 44288K, capacity 46318K, committed 46464K, reserved 1089536K
  class space    used 6322K, capacity 6760K, committed 6784K, reserved 1048576K
Event: 16.316 GC heap after
Heap after GC invocations=11 (full 2):
 PSYoungGen      total 162304K, used 12256K [0x00000000f5580000, 0x0000000100000000, 0x0000000100000000)
  eden space 150016K, 0% used [0x00000000f5580000,0x00000000f5580000,0x00000000fe800000)
  from space 12288K, 99% used [0x00000000fe800000,0x00000000ff3f8030,0x00000000ff400000)
  to   space 12288K, 0% used [0x00000000ff400000,0x00000000ff400000,0x0000000100000000)
 ParOldGen       total 175104K, used 18834K [0x00000000e0000000, 0x00000000eab00000, 0x00000000f5580000)
  object space 175104K, 10% used [0x00000000e0000000,0x00000000e1264a10,0x00000000eab00000)
 Metaspace       used 44288K, capacity 46318K, committed 46464K, reserved 1089536K
  class space    used 6322K, capacity 6760K, committed 6784K, reserved 1048576K
}
Event: 4283.746 GC heap before
{Heap before GC invocations=12 (full 2):
 PSYoungGen      total 162304K, used 162272K [0x00000000f5580000, 0x0000000100000000, 0x0000000100000000)
  eden space 150016K, 100% used [0x00000000f5580000,0x00000000fe800000,0x00000000fe800000)
  from space 12288K, 99% used [0x00000000fe800000,0x00000000ff3f8030,0x00000000ff400000)
  to   space 12288K, 0% used [0x00000000ff400000,0x00000000ff400000,0x0000000100000000)
 ParOldGen       total 175104K, used 18834K [0x00000000e0000000, 0x00000000eab00000, 0x00000000f5580000)
  object space 175104K, 10% used [0x00000000e0000000,0x00000000e1264a10,0x00000000eab00000)
 Metaspace       used 45567K, capacity 47922K, committed 48256K, reserved 1091584K
  class space    used 6457K, capacity 6926K, committed 7040K, reserved 1048576K
Event: 4284.023 GC heap after
Heap after GC invocations=12 (full 2):
 PSYoungGen      total 158208K, used 8848K [0x00000000f5580000, 0x0000000100000000, 0x0000000100000000)
  eden space 145920K, 0% used [0x00000000f5580000,0x00000000f5580000,0x00000000fe400000)
  from space 12288K, 72% used [0x00000000ff400000,0x00000000ffca4010,0x0000000100000000)
  to   space 14336K, 0% used [0x00000000fe400000,0x00000000fe400000,0x00000000ff200000)
 ParOldGen       total 175104K, used 24728K [0x00000000e0000000, 0x00000000eab00000, 0x00000000f5580000)
  object space 175104K, 14% used [0x00000000e0000000,0x00000000e1826150,0x00000000eab00000)
 Metaspace       used 45567K, capacity 47922K, committed 48256K, reserved 1091584K
  class space    used 6457K, capacity 6926K, committed 7040K, reserved 1048576K
}
Event: 18187.357 GC heap before
{Heap before GC invocations=13 (full 2):
 PSYoungGen      total 158208K, used 154768K [0x00000000f5580000, 0x0000000100000000, 0x0000000100000000)
  eden space 145920K, 100% used [0x00000000f5580000,0x00000000fe400000,0x00000000fe400000)
  from space 12288K, 72% used [0x00000000ff400000,0x00000000ffca4010,0x0000000100000000)
  to   space 14336K, 0% used [0x00000000fe400000,0x00000000fe400000,0x00000000ff200000)
 ParOldGen       total 175104K, used 24728K [0x00000000e0000000, 0x00000000eab00000, 0x00000000f5580000)
  object space 175104K, 14% used [0x00000000e0000000,0x00000000e1826150,0x00000000eab00000)
 Metaspace       used 45573K, capacity 47922K, committed 48256K, reserved 1091584K
  class space    used 6457K, capacity 6926K, committed 7040K, reserved 1048576K
Event: 18188.304 GC heap after
Heap after GC invocations=13 (full 2):
 PSYoungGen      total 146432K, used 448K [0x00000000f5580000, 0x0000000100000000, 0x0000000100000000)
  eden space 145920K, 0% used [0x00000000f5580000,0x00000000f5580000,0x00000000fe400000)
  from space 512K, 87% used [0x00000000fe400000,0x00000000fe470000,0x00000000fe480000)
  to   space 15872K, 0% used [0x00000000ff080000,0x00000000ff080000,0x0000000100000000)
 ParOldGen       total 175104K, used 32788K [0x00000000e0000000, 0x00000000eab00000, 0x00000000f5580000)
  object space 175104K, 18% used [0x00000000e0000000,0x00000000e2005180,0x00000000eab00000)
 Metaspace       used 45573K, capacity 47922K, committed 48256K, reserved 1091584K
  class space    used 6457K, capacity 6926K, committed 7040K, reserved 1048576K
}

